<?xml version="1.0" encoding="UTF-8"?>
<!-- Generated by org.testng.reporters.JUnitReportReporter -->
<testsuite skipped="0" hostname="WIN-09TQE1FRVF0" name="com.syska.testcases.Tc_login_lounge_feedback" tests="1" failures="0" timestamp="16 Nov 2019 03:30:14 GMT" time="51.283" errors="0">
  <testcase name="ExtensionTest" time="51.283" classname="com.syska.testcases.Tc_login_lounge_feedback"/>
</testsuite> <!-- com.syska.testcases.Tc_login_lounge_feedback -->
