<?xml version="1.0" encoding="UTF-8"?>
<!-- Generated by org.testng.reporters.JUnitReportReporter -->
<testsuite skipped="0" hostname="WIN-09TQE1FRVF0" name="com.syska.testcases.Tc_login_commercial_cart" tests="1" failures="0" timestamp="15 Nov 2019 10:36:44 GMT" time="36.782" errors="0">
  <testcase name="Addtocart" time="36.782" classname="com.syska.testcases.Tc_login_commercial_cart"/>
</testsuite> <!-- com.syska.testcases.Tc_login_commercial_cart -->
