<?xml version="1.0" encoding="UTF-8"?>
<!-- Generated by org.testng.reporters.JUnitReportReporter -->
<testsuite skipped="0" hostname="WIN-09TQE1FRVF0" name="com.syska.testcases.Tc_DryironTest" tests="1" failures="0" timestamp="15 Nov 2019 06:36:15 GMT" time="47.810" errors="0">
  <testcase name="dryironsTest" time="47.810" classname="com.syska.testcases.Tc_DryironTest"/>
</testsuite> <!-- com.syska.testcases.Tc_DryironTest -->
