<?xml version="1.0" encoding="UTF-8"?>
<!-- Generated by org.testng.reporters.JUnitReportReporter -->
<testsuite skipped="0" hostname="WIN-09TQE1FRVF0" name="com.syska.testcases.Tc_Login2" tests="1" failures="0" timestamp="14 Nov 2019 10:14:34 GMT" time="17.057" errors="0">
  <testcase name="loginTest" time="17.057" classname="com.syska.testcases.Tc_Login2"/>
</testsuite> <!-- com.syska.testcases.Tc_Login2 -->
