<?xml version="1.0" encoding="UTF-8"?>
<!-- Generated by org.testng.reporters.JUnitReportReporter -->
<testsuite skipped="0" hostname="WIN-09TQE1FRVF0" name="com.syska.testcases.Tc_Home_LedBtn" tests="1" failures="0" timestamp="16 Nov 2019 05:47:40 GMT" time="32.282" errors="0">
  <testcase name="ledbtnTest" time="32.282" classname="com.syska.testcases.Tc_Home_LedBtn"/>
</testsuite> <!-- com.syska.testcases.Tc_Home_LedBtn -->
