<?xml version="1.0" encoding="UTF-8"?>
<!-- Generated by org.testng.reporters.JUnitReportReporter -->
<testsuite skipped="0" hostname="WIN-09TQE1FRVF0" name="com.syska.testcases.Tc_signupTest" tests="1" failures="0" timestamp="15 Nov 2019 07:42:31 GMT" time="11.517" errors="0">
  <testcase name="signup_Test" time="11.517" classname="com.syska.testcases.Tc_signupTest"/>
</testsuite> <!-- com.syska.testcases.Tc_signupTest -->
