<?xml version="1.0" encoding="UTF-8"?>
<!-- Generated by org.testng.reporters.JUnitReportReporter -->
<testsuite skipped="0" hostname="WIN-09TQE1FRVF0" name="com.syska.testcases.TC_Wishlist_003" tests="1" failures="0" timestamp="16 Nov 2019 05:18:26 GMT" time="58.790" errors="0">
  <testcase name="wishListTest" time="58.790" classname="com.syska.testcases.TC_Wishlist_003"/>
</testsuite> <!-- com.syska.testcases.TC_Wishlist_003 -->
