<?xml version="1.0" encoding="UTF-8"?>
<!-- Generated by org.testng.reporters.JUnitReportReporter -->
<testsuite skipped="0" hostname="WIN-09TQE1FRVF0" name="com.syska.testcases.Tc_Home_Subscribe" tests="1" failures="0" timestamp="16 Nov 2019 06:00:06 GMT" time="22.411" errors="0">
  <testcase name="subscribeFieldTest" time="22.411" classname="com.syska.testcases.Tc_Home_Subscribe"/>
</testsuite> <!-- com.syska.testcases.Tc_Home_Subscribe -->
