<?xml version="1.0" encoding="UTF-8"?>
<!-- Generated by org.testng.reporters.JUnitReportReporter -->
<testsuite skipped="0" hostname="WIN-09TQE1FRVF0" name="com.syska.testcases.Tc_signupTest_login" tests="1" failures="0" timestamp="15 Nov 2019 08:39:59 GMT" time="33.136" errors="0">
  <testcase name="signup_Test" time="33.136" classname="com.syska.testcases.Tc_signupTest_login"/>
</testsuite> <!-- com.syska.testcases.Tc_signupTest_login -->
