<?xml version="1.0" encoding="UTF-8"?>
<!-- Generated by org.testng.reporters.JUnitReportReporter -->
<testsuite skipped="0" hostname="WIN-09TQE1FRVF0" name="com.syska.testcases.TC_LedTest_001" tests="1" failures="0" timestamp="16 Nov 2019 05:12:07 GMT" time="45.488" errors="0">
  <testcase name="ledTest" time="45.488" classname="com.syska.testcases.TC_LedTest_001"/>
</testsuite> <!-- com.syska.testcases.TC_LedTest_001 -->
