<?xml version="1.0" encoding="UTF-8"?>
<!-- Generated by org.testng.reporters.JUnitReportReporter -->
<testsuite skipped="0" hostname="WIN-09TQE1FRVF0" name="com.syska.testcases.TC_delete_Cart" tests="1" failures="0" timestamp="16 Nov 2019 06:03:22 GMT" time="43.420" errors="0">
  <testcase name="deleteCartTest" time="43.420" classname="com.syska.testcases.TC_delete_Cart"/>
</testsuite> <!-- com.syska.testcases.TC_delete_Cart -->
