<?xml version="1.0" encoding="UTF-8"?>
<!-- Generated by org.testng.reporters.JUnitReportReporter -->
<testsuite skipped="0" hostname="WIN-09TQE1FRVF0" name="com.syska.testcases.Tc_AddtocartTest" tests="1" failures="0" timestamp="15 Nov 2019 09:23:24 GMT" time="30.616" errors="0">
  <testcase name="Addtocart" time="30.616" classname="com.syska.testcases.Tc_AddtocartTest"/>
</testsuite> <!-- com.syska.testcases.Tc_AddtocartTest -->
