<?xml version="1.0" encoding="UTF-8"?>
<!-- Generated by org.testng.reporters.JUnitReportReporter -->
<testsuite skipped="0" hostname="WIN-09TQE1FRVF0" name="com.syska.testcases.Tc_Login_Home_accesoriesBtn" tests="1" failures="0" timestamp="16 Nov 2019 05:53:53 GMT" time="28.282" errors="0">
  <testcase name="accesoriesBtntest" time="28.282" classname="com.syska.testcases.Tc_Login_Home_accesoriesBtn"/>
</testsuite> <!-- com.syska.testcases.Tc_Login_Home_accesoriesBtn -->
