<?xml version="1.0" encoding="UTF-8"?>
<!-- Generated by org.testng.reporters.JUnitReportReporter -->
<testsuite skipped="0" hostname="WIN-09TQE1FRVF0" name="com.syska.testcases.Tc_SteamironTest" tests="1" failures="0" timestamp="15 Nov 2019 06:40:25 GMT" time="54.104" errors="0">
  <testcase name="steamironsTest" time="54.104" classname="com.syska.testcases.Tc_SteamironTest"/>
</testsuite> <!-- com.syska.testcases.Tc_SteamironTest -->
