<?xml version="1.0" encoding="UTF-8"?>
<!-- Generated by org.testng.reporters.JUnitReportReporter -->
<testsuite skipped="0" hostname="WIN-09TQE1FRVF0" name="com.syska.testcases.Tc_ExtensionTest" tests="1" failures="0" timestamp="15 Nov 2019 06:38:03 GMT" time="45.150" errors="0">
  <testcase name="ExtensionTest" time="45.150" classname="com.syska.testcases.Tc_ExtensionTest"/>
</testsuite> <!-- com.syska.testcases.Tc_ExtensionTest -->
