<?xml version="1.0" encoding="UTF-8"?>
<!-- Generated by org.testng.reporters.JUnitReportReporter -->
<testsuite skipped="0" hostname="WIN-09TQE1FRVF0" name="com.syska.testcases.Tc_Login_AboutTest" tests="1" failures="0" timestamp="16 Nov 2019 04:56:57 GMT" time="38.709" errors="0">
  <testcase name="aboutTest" time="38.709" classname="com.syska.testcases.Tc_Login_AboutTest"/>
</testsuite> <!-- com.syska.testcases.Tc_Login_AboutTest -->
