<?xml version="1.0" encoding="UTF-8"?>
<!-- Generated by org.testng.reporters.JUnitReportReporter -->
<testsuite skipped="0" hostname="WIN-09TQE1FRVF0" name="com.syska.testcases.Tc_Login_DryironTest" tests="1" failures="0" timestamp="15 Nov 2019 06:43:24 GMT" time="58.445" errors="0">
  <testcase name="dryironsTest" time="58.445" classname="com.syska.testcases.Tc_Login_DryironTest"/>
</testsuite> <!-- com.syska.testcases.Tc_Login_DryironTest -->
