<?xml version="1.0" encoding="UTF-8"?>
<!-- Generated by org.testng.reporters.JUnitReportReporter -->
<testsuite skipped="0" hostname="WIN-09TQE1FRVF0" name="com.syska.testcases.Tc_ShopTest" tests="1" failures="0" timestamp="15 Nov 2019 09:19:39 GMT" time="28.881" errors="0">
  <testcase name="shopTest" time="28.881" classname="com.syska.testcases.Tc_ShopTest"/>
</testsuite> <!-- com.syska.testcases.Tc_ShopTest -->
