<?xml version="1.0" encoding="UTF-8"?>
<!-- Generated by org.testng.reporters.JUnitReportReporter -->
<testsuite skipped="0" hostname="WIN-09TQE1FRVF0" name="com.syska.testcases.TC_support_registration" tests="1" failures="0" timestamp="16 Nov 2019 06:14:54 GMT" time="81.523" errors="0">
  <testcase name="supportRegTest" time="81.523" classname="com.syska.testcases.TC_support_registration"/>
</testsuite> <!-- com.syska.testcases.TC_support_registration -->
