<?xml version="1.0" encoding="UTF-8"?>
<!-- Generated by org.testng.reporters.JUnitReportReporter -->
<testsuite skipped="0" hostname="WIN-09TQE1FRVF0" name="com.syska.testcases.Tc_login_Accessories_PowerBank" tests="1" failures="0" timestamp="15 Nov 2019 12:55:01 GMT" time="32.600" errors="0">
  <testcase name="Accessories" time="32.600" classname="com.syska.testcases.Tc_login_Accessories_PowerBank"/>
</testsuite> <!-- com.syska.testcases.Tc_login_Accessories_PowerBank -->
