<?xml version="1.0" encoding="UTF-8"?>
<!-- Generated by org.testng.reporters.JUnitReportReporter -->
<testsuite skipped="0" hostname="WIN-09TQE1FRVF0" name="com.syska.testcases.TC_Wire_CabelsPage_002" tests="1" failures="0" timestamp="16 Nov 2019 05:13:52 GMT" time="23.056" errors="0">
  <testcase name="ledTest" time="23.056" classname="com.syska.testcases.TC_Wire_CabelsPage_002"/>
</testsuite> <!-- com.syska.testcases.TC_Wire_CabelsPage_002 -->
