<?xml version="1.0" encoding="UTF-8"?>
<!-- Generated by org.testng.reporters.JUnitReportReporter -->
<testsuite skipped="0" hostname="WIN-09TQE1FRVF0" name="com.syska.testcases.Tc_login_smartLights" tests="1" failures="0" timestamp="15 Nov 2019 11:07:25 GMT" time="31.372" errors="0">
  <testcase name="Accessories" time="31.372" classname="com.syska.testcases.Tc_login_smartLights"/>
</testsuite> <!-- com.syska.testcases.Tc_login_smartLights -->
